<?xml version="1.0" encoding="UTF-8"?>
<testsuite name="Cucumber" time="0.517" tests="2" skipped="0" failures="0" errors="0">
<testcase classname="Background Demo" name="Checking with valid inputs" time="0.089">
<system-out><![CDATA[
Given User should login to application......................................passed
When User should open chrome browser........................................passed
Then User should enter url..................................................passed
Then User should enter credentials..........................................passed
Then Log out of the application.............................................passed
Then Close the application..................................................passed
]]></system-out>
</testcase>
<testcase classname="Background Demo" name="Checking with invalid credentials" time="0.019">
<system-out><![CDATA[
Given User should login to application......................................passed
When User should open chrome browser........................................passed
Then User should enter url..................................................passed
Then User Should enter invalid credentials..................................passed
Then Close the application..................................................passed
]]></system-out>
</testcase>
</testsuite>
