<?xml version="1.0" encoding="UTF-8"?>
<testsuite xmlns:xsi="http://www.w3.org/2001/XMLSchema-instance" xsi:noNamespaceSchemaLocation="https://maven.apache.org/surefire/maven-surefire-plugin/xsd/surefire-test-report.xsd" name="runner.TestRunnerForBackgroundDemo" time="2.687" tests="2" errors="0" skipped="0" failures="0">
  <properties>
[...]
</properties>
  <testcase name="Checking with valid inputs" classname="Background Demo" time="0.298"/>
  <testcase name="Checking with invalid credentials" classname="Background Demo" time="0.037"/>
</testsuite>